============================= test session starts ==============================
platform linux -- Python 3.9.12, pytest-7.1.3, pluggy-1.0.0
rootdir: /home/users/kkaminski/apps/localaln/tests
plugins: anyio-3.6.1, flaky-3.7.0
collected 38 items

numeric.py .....................................F                        [100%]

=================================== FAILURES ===================================
____________________________ test_fill_score_matrix ____________________________

    def test_fill_score_matrix():
    
        # convert to numpy
        densitymap = densitymap_test['densitymap']
    
        score_matrix = fill_score_matrix(densitymap)
>       assert np.isnan(score_matrix).any(), 'nan values in score_matrix'
E       AssertionError: nan values in score_matrix
E       assert False
E        +  where False = <built-in method any of numpy.ndarray object at 0x7f029d6d3090>()
E        +    where <built-in method any of numpy.ndarray object at 0x7f029d6d3090> = array([[False, False, False, ..., False, False, False],\n       [False, False, False, ..., False, False, False],\n      ...alse],\n       [False, False, False, ..., False, False, False],\n       [False, False, False, ..., False, False, False]]).any
E        +      where array([[False, False, False, ..., False, False, False],\n       [False, False, False, ..., False, False, False],\n      ...alse],\n       [False, False, False, ..., False, False, False],\n       [False, False, False, ..., False, False, False]]) = <ufunc 'isnan'>(array([[ 0.        ,  0.        ,  0.        , ...,  0.        ,\n         0.        ,  0.        ],\n       [ 0.       ... ],\n       [ 0.        ,  0.        ,  0.        , ...,  0.        ,\n         0.        ,  0.        ]], dtype=float32))
E        +        where <ufunc 'isnan'> = np.isnan

numeric.py:62: AssertionError
=========================== short test summary info ============================
FAILED numeric.py::test_fill_score_matrix - AssertionError: nan values in sco...
======================== 1 failed, 37 passed in 15.15s =========================
